<?xml version="1.0" encoding="UTF-8"?>
<!-- Generated by org.testng.reporters.JUnitReportReporter -->
<testsuite hostname="EC2AMAZ-S11DBRH" failures="0" tests="3" name="testScripts.GooglePageTest" time="17.877" errors="0" timestamp="2023-08-17T06:56:44 GMT" skipped="0">
  <testcase classname="testScripts.GooglePageTest" name="searchAppiumTest" time="5.174"/>
  <system-out/>
  <testcase classname="testScripts.GooglePageTest" name="searchSeleniumTest" time="7.436"/>
  <system-out/>
  <testcase classname="testScripts.GooglePageTest" name="searchJavaTest" time="5.267"/>
  <system-out/>
</testsuite> <!-- testScripts.GooglePageTest -->
